Using pre-set license
Built from '2020.3/staging' branch; Version is '2020.3.4f1 (0abb6314276a) revision 703331'; Using compiler version '192528614'; Build Type 'Release'
OS: 'Windows 10 Home Single Language; OS build 18363.1440; Version 1909; 64bit' Language: 'ru' Physical Memory: 8108 MB
BatchMode: 1, IsHumanControllingUs: 0, StartBugReporterOnCrash: 0, Is64bit: 1, IsPro: 0

 COMMAND LINE ARGUMENTS:
C:\Program Files\2020.3.4f1\Editor\Unity.exe
-adb2
-batchMode
-noUpm
-name
AssetImportWorker0
-projectPath
C:/Projects/uProjects/testing
-logFile
Logs/AssetImportWorker0.log
-srvPort
61489
Successfully changed project path to: C:/Projects/uProjects/testing
C:/Projects/uProjects/testing
Using Asset Import Pipeline V2.
Refreshing native plugins compatible for Editor in 106.22 ms, found 3 plugins.
Preloading 0 native plugins for Editor in 0.00 ms.
Initialize engine version: 2020.3.4f1 (0abb6314276a)
[Subsystems] Discovering subsystems at path C:/Program Files/2020.3.4f1/Editor/Data/Resources/UnitySubsystems
[Subsystems] Discovering subsystems at path C:/Projects/uProjects/testing/Assets
GfxDevice: creating device client; threaded=0
Direct3D:
    Version:  Direct3D 11.0 [level 11.1]
    Renderer: Intel(R) HD Graphics 620 (ID=0x5916)
    Vendor:   
    VRAM:     4054 MB
    Driver:   26.20.100.7925
Shader 'Universal Render Pipeline/Particles/Lit': fallback shader 'Universal Render Pipeline/Particles/SimpleLit' not found
Initialize mono
Mono path[0] = 'C:/Program Files/2020.3.4f1/Editor/Data/Managed'
Mono path[1] = 'C:/Program Files/2020.3.4f1/Editor/Data/MonoBleedingEdge/lib/mono/unityjit'
Mono config path = 'C:/Program Files/2020.3.4f1/Editor/Data/MonoBleedingEdge/etc'
Using monoOptions --debugger-agent=transport=dt_socket,embedding=1,server=y,suspend=n,address=127.0.0.1:56684
Begin MonoManager ReloadAssembly
Registering precompiled unity dll's ...
Register platform support module: C:/Program Files/2020.3.4f1/Editor/Data/PlaybackEngines/WindowsStandaloneSupport/UnityEditor.WindowsStandalone.Extensions.dll
Registered in 0.004171 seconds.
Native extension for WindowsStandalone target not found
Refreshing native plugins compatible for Editor in 111.49 ms, found 3 plugins.
Preloading 0 native plugins for Editor in 0.00 ms.
Mono: successfully reloaded assembly
- Completed reload, in  2.062 seconds
Platform modules already initialized, skipping
Registering precompiled user dll's ...
Registered in 0.005529 seconds.
Begin MonoManager ReloadAssembly
Native extension for WindowsStandalone target not found
Refreshing native plugins compatible for Editor in 117.65 ms, found 3 plugins.
Preloading 0 native plugins for Editor in 0.00 ms.
Mono: successfully reloaded assembly
- Completed reload, in  2.197 seconds
Platform modules already initialized, skipping
========================================================================
Worker process is ready to serve import requests
Shader 'Universal Render Pipeline/Particles/Lit': fallback shader 'Universal Render Pipeline/Particles/SimpleLit' not found
Launched and connected shader compiler UnityShaderCompiler.exe after 0.10 seconds
Refreshing native plugins compatible for Editor in 1.00 ms, found 3 plugins.
Preloading 0 native plugins for Editor in 0.00 ms.
Unloading 3140 Unused Serialized files (Serialized files now loaded: 0)
System memory in use before: 143.6 MB.
System memory in use after: 143.8 MB.

Unloading 15 unused Assets to reduce memory usage. Loaded Objects now: 3586.
Total: 6.305100 ms (FindLiveObjects: 0.649300 ms CreateObjectMapping: 0.393900 ms MarkObjects: 5.107100 ms  DeleteObjects: 0.152400 ms)

========================================================================
Received Import Request.
  path: Assets/Prefabs/Hand_Left.prefab
  artifactKey: Guid(50b0ad0913843dc4f820aae6010fc65f) Importer(815301076,1909f56bfc062723c751e8b465ee728b)
Start importing Assets/Prefabs/Hand_Left.prefab using Guid(50b0ad0913843dc4f820aae6010fc65f) Importer(815301076,1909f56bfc062723c751e8b465ee728b)  -> (artifact id: '7693721ca6ab6edb9a786d2923ac4105') in 0.177422 seconds
  Import took 0.186431 seconds .

========================================================================
Received Import Request.
  Time since last request: 0.000343 seconds.
  path: Assets/Prefabs/Hand_Right.prefab
  artifactKey: Guid(142de5c27643e9a4fa3f29573aedd1f9) Importer(815301076,1909f56bfc062723c751e8b465ee728b)
Start importing Assets/Prefabs/Hand_Right.prefab using Guid(142de5c27643e9a4fa3f29573aedd1f9) Importer(815301076,1909f56bfc062723c751e8b465ee728b)  -> (artifact id: '55a6484275b143ce7387d2547370a9c7') in 0.037905 seconds
  Import took 0.048024 seconds .

========================================================================
Received Import Request.
  Time since last request: 0.000331 seconds.
  path: Assets/Prefabs/Interactable.prefab
  artifactKey: Guid(57993d30cee3e404d82f382083854ae3) Importer(815301076,1909f56bfc062723c751e8b465ee728b)
Start importing Assets/Prefabs/Interactable.prefab using Guid(57993d30cee3e404d82f382083854ae3) Importer(815301076,1909f56bfc062723c751e8b465ee728b)  -> (artifact id: '7b7e0509b8a2f3f1242c05aaa5efeaa6') in 0.450174 seconds
  Import took 0.464763 seconds .

========================================================================
Received Import Request.
  Time since last request: 0.000976 seconds.
  path: Assets/Prefabs
  artifactKey: Guid(a689e97252b354f4c8264df6273e156a) Importer(815301076,1909f56bfc062723c751e8b465ee728b)
Start importing Assets/Prefabs using Guid(a689e97252b354f4c8264df6273e156a) Importer(815301076,1909f56bfc062723c751e8b465ee728b)  -> (artifact id: '204b140bef49ed2d4b8b7672cbddc718') in 0.087101 seconds
  Import took 0.109166 seconds .

========================================================================
Received Import Request.
  Time since last request: 379.963082 seconds.
  path: Assets/Scenes/Main111.unity
  artifactKey: Guid(2ac8db68e924df54bbea036fcaf418cc) Importer(815301076,1909f56bfc062723c751e8b465ee728b)
Start importing Assets/Scenes/Main111.unity using Guid(2ac8db68e924df54bbea036fcaf418cc) Importer(815301076,1909f56bfc062723c751e8b465ee728b)  -> (artifact id: '6c31c0d1652d721ac0c22f6ca0d62669') in 0.035088 seconds
  Import took 0.048399 seconds .

========================================================================
Received Import Request.
  Time since last request: 53.915564 seconds.
  path: Assets/Scenes/Main.unity
  artifactKey: Guid(c5afd432a1b734647a7cb82a091cb04f) Importer(815301076,1909f56bfc062723c751e8b465ee728b)
Start importing Assets/Scenes/Main.unity using Guid(c5afd432a1b734647a7cb82a091cb04f) Importer(815301076,1909f56bfc062723c751e8b465ee728b)  -> (artifact id: '7d885c2e9fce83eb74dcd3d4d60c72ac') in 0.034851 seconds
  Import took 0.047009 seconds .

========================================================================
Received Import Request.
  Time since last request: 65.221501 seconds.
  path: Assets/Scripts/Basic
  artifactKey: Guid(0c2e8cedd93a6744a81c45600365b349) Importer(815301076,1909f56bfc062723c751e8b465ee728b)
Start importing Assets/Scripts/Basic using Guid(0c2e8cedd93a6744a81c45600365b349) Importer(815301076,1909f56bfc062723c751e8b465ee728b)  -> (artifact id: 'd75770250348946a9637ca1af00403ba') in 0.037453 seconds
  Import took 0.051772 seconds .

========================================================================
Received Import Request.
  Time since last request: 3.575980 seconds.
  path: Assets/Scripts/Basic/HandAnimator.cs
  artifactKey: Guid(bcdba9caf664b1b47a57882aea8f9a8f) Importer(815301076,1909f56bfc062723c751e8b465ee728b)
Start importing Assets/Scripts/Basic/HandAnimator.cs using Guid(bcdba9caf664b1b47a57882aea8f9a8f) Importer(815301076,1909f56bfc062723c751e8b465ee728b)  -> (artifact id: '1e0447bb0a32e3b2023b7c28b2c4eff7') in 0.068466 seconds
  Import took 0.078755 seconds .

========================================================================
Received Import Request.
  Time since last request: 313.190966 seconds.
  path: Assets/Scripts/HandController.cs
  artifactKey: Guid(36806187c2b9e7e42b70170f1f85f8dc) Importer(815301076,1909f56bfc062723c751e8b465ee728b)
Start importing Assets/Scripts/HandController.cs using Guid(36806187c2b9e7e42b70170f1f85f8dc) Importer(815301076,1909f56bfc062723c751e8b465ee728b)  -> (artifact id: 'eff6505899a2c872c530c9998064ffbf') in 0.033483 seconds
  Import took 0.050857 seconds .

========================================================================
Received Import Request.
  Time since last request: 0.000800 seconds.
  path: Assets/Scripts/HandController.cs
  artifactKey: Guid(36806187c2b9e7e42b70170f1f85f8dc) Importer(815301076,1909f56bfc062723c751e8b465ee728b)
Start importing Assets/Scripts/HandController.cs using Guid(36806187c2b9e7e42b70170f1f85f8dc) Importer(815301076,1909f56bfc062723c751e8b465ee728b)  -> (artifact id: 'eff6505899a2c872c530c9998064ffbf') in 0.005577 seconds
  Import took 0.021011 seconds .

========================================================================
Received Import Request.
  Time since last request: 0.485107 seconds.
  path: Assets/Scripts/SimpleCameraController.cs
  artifactKey: Guid(be76e5f14cfee674cb30b491fb72b09b) Importer(815301076,1909f56bfc062723c751e8b465ee728b)
Start importing Assets/Scripts/SimpleCameraController.cs using Guid(be76e5f14cfee674cb30b491fb72b09b) Importer(815301076,1909f56bfc062723c751e8b465ee728b)  -> (artifact id: '59d8841ca139112a9b7b5346e39d64d2') in 0.034243 seconds
  Import took 0.047806 seconds .

========================================================================
Received Import Request.
  Time since last request: 5.501604 seconds.
  path: Assets/Scripts/Extra
  artifactKey: Guid(43c40cfe7995d6c4eba1c3a7eae50693) Importer(815301076,1909f56bfc062723c751e8b465ee728b)
Start importing Assets/Scripts/Extra using Guid(43c40cfe7995d6c4eba1c3a7eae50693) Importer(815301076,1909f56bfc062723c751e8b465ee728b)  -> (artifact id: 'fbcf52cc38a3dd2a4a80e43fe533820c') in 0.035020 seconds
  Import took 0.044680 seconds .

========================================================================
Received Import Request.
  Time since last request: 103.212392 seconds.
  path: Assets/HandAnimator.cs
  artifactKey: Guid(504636f6a2453a94c99e89c387411e25) Importer(815301076,1909f56bfc062723c751e8b465ee728b)
Start importing Assets/HandAnimator.cs using Guid(504636f6a2453a94c99e89c387411e25) Importer(815301076,1909f56bfc062723c751e8b465ee728b)  -> (artifact id: 'ed4ff06c5fb37b2b267558876e714c25') in 0.046527 seconds
  Import took 0.071296 seconds .

========================================================================
Received Import Request.
  Time since last request: 12.739994 seconds.
  path: Assets/HandAnimato.cs
  artifactKey: Guid(2877137dee5021d49af0a7a433a4135a) Importer(815301076,1909f56bfc062723c751e8b465ee728b)
Start importing Assets/HandAnimato.cs using Guid(2877137dee5021d49af0a7a433a4135a) Importer(815301076,1909f56bfc062723c751e8b465ee728b)  -> (artifact id: '6f70e93a99469a6e7a1d0055d59dd900') in 0.044400 seconds
  Import took 0.060096 seconds .

========================================================================
Received Import Request.
  Time since last request: 21.138596 seconds.
  path: Assets/Scripts
  artifactKey: Guid(02a3527b6b33a924e8ec66aa805ea717) Importer(815301076,1909f56bfc062723c751e8b465ee728b)
Start importing Assets/Scripts using Guid(02a3527b6b33a924e8ec66aa805ea717) Importer(815301076,1909f56bfc062723c751e8b465ee728b)  -> (artifact id: 'c54a9caa4e14d089eca70e0d1d1c20c0') in 0.047500 seconds
  Import took 0.080359 seconds .

========================================================================
Received Import Request.
  Time since last request: 46.319926 seconds.
  path: Assets/HandPhysics.cs
  artifactKey: Guid(a8f4201930d273f45b8439da571944b0) Importer(815301076,1909f56bfc062723c751e8b465ee728b)
Start importing Assets/HandPhysics.cs using Guid(a8f4201930d273f45b8439da571944b0) Importer(815301076,1909f56bfc062723c751e8b465ee728b)  -> (artifact id: '965ad38e43daf0ff4cbbb2f24323060e') in 0.036146 seconds
  Import took 0.049385 seconds .

========================================================================
Received Import Request.
  Time since last request: 368.562886 seconds.
  path: Assets/VR Hands/Prefabs/Left Hand Model.prefab
  artifactKey: Guid(65847589f926b734d9eaed6e25f0046b) Importer(815301076,1909f56bfc062723c751e8b465ee728b)
Start importing Assets/VR Hands/Prefabs/Left Hand Model.prefab using Guid(65847589f926b734d9eaed6e25f0046b) Importer(815301076,1909f56bfc062723c751e8b465ee728b)  -> (artifact id: 'e6bb3c4c41b51e9f2a6a1f94a8f67f8b') in 0.238879 seconds
  Import took 0.252102 seconds .

========================================================================
Received Import Request.
  Time since last request: 0.000342 seconds.
  path: Assets/VR Hands/Prefabs/Right Hand Model.prefab
  artifactKey: Guid(1fd3a7c43c8190f4d8c167ebde694364) Importer(815301076,1909f56bfc062723c751e8b465ee728b)
Start importing Assets/VR Hands/Prefabs/Right Hand Model.prefab using Guid(1fd3a7c43c8190f4d8c167ebde694364) Importer(815301076,1909f56bfc062723c751e8b465ee728b)  -> (artifact id: '7faadbf2fe25e4f2fb01c35060553cf4') in 0.088686 seconds
  Import took 0.100534 seconds .

========================================================================
Received Import Request.
  Time since last request: 67.330401 seconds.
  path: Assets/ddd.cs
  artifactKey: Guid(f03107ce2e2aa1d4280573bd5a7275ef) Importer(815301076,1909f56bfc062723c751e8b465ee728b)
Start importing Assets/ddd.cs using Guid(f03107ce2e2aa1d4280573bd5a7275ef) Importer(815301076,1909f56bfc062723c751e8b465ee728b)  -> (artifact id: '41c933e8ffb403b29d8c58ac385f698f') in 0.040627 seconds
  Import took 0.050746 seconds .

========================================================================
Received Import Request.
  Time since last request: 6.929826 seconds.
  path: Assets/Scripts/Extra/OffsetGrab.cs
  artifactKey: Guid(ddf84ce02545f5144b769b08f901cf2b) Importer(815301076,1909f56bfc062723c751e8b465ee728b)
Start importing Assets/Scripts/Extra/OffsetGrab.cs using Guid(ddf84ce02545f5144b769b08f901cf2b) Importer(815301076,1909f56bfc062723c751e8b465ee728b)  -> (artifact id: 'edf78b585b35e1a008e58cb675fd42c1') in 0.035709 seconds
  Import took 0.051043 seconds .

========================================================================
Received Prepare
Registering precompiled user dll's ...
Registered in 0.004823 seconds.
Begin MonoManager ReloadAssembly
Native extension for WindowsStandalone target not found
Refreshing native plugins compatible for Editor in 0.85 ms, found 3 plugins.
Preloading 0 native plugins for Editor in 0.00 ms.
Mono: successfully reloaded assembly
- Completed reload, in  1.819 seconds
Platform modules already initialized, skipping
Shader 'Universal Render Pipeline/Particles/Lit': fallback shader 'Universal Render Pipeline/Particles/SimpleLit' not found
Refreshing native plugins compatible for Editor in 0.84 ms, found 3 plugins.
Preloading 0 native plugins for Editor in 0.00 ms.
Unloading 3014 Unused Serialized files (Serialized files now loaded: 0)
System memory in use before: 154.2 MB.
System memory in use after: 154.4 MB.

Unloading 8 unused Assets to reduce memory usage. Loaded Objects now: 3641.
Total: 4.337800 ms (FindLiveObjects: 0.639100 ms CreateObjectMapping: 0.335300 ms MarkObjects: 3.326300 ms  DeleteObjects: 0.034900 ms)

========================================================================
Received Prepare
Registering precompiled user dll's ...
Registered in 0.006503 seconds.
Begin MonoManager ReloadAssembly
Native extension for WindowsStandalone target not found
Refreshing native plugins compatible for Editor in 0.86 ms, found 3 plugins.
Preloading 0 native plugins for Editor in 0.00 ms.
Mono: successfully reloaded assembly
- Completed reload, in  1.851 seconds
Platform modules already initialized, skipping
Shader 'Universal Render Pipeline/Particles/Lit': fallback shader 'Universal Render Pipeline/Particles/SimpleLit' not found
Refreshing native plugins compatible for Editor in 0.87 ms, found 3 plugins.
Preloading 0 native plugins for Editor in 0.00 ms.
Unloading 3014 Unused Serialized files (Serialized files now loaded: 0)
System memory in use before: 154.0 MB.
System memory in use after: 154.2 MB.

Unloading 8 unused Assets to reduce memory usage. Loaded Objects now: 3645.
Total: 4.136000 ms (FindLiveObjects: 0.462600 ms CreateObjectMapping: 0.394900 ms MarkObjects: 3.250200 ms  DeleteObjects: 0.026400 ms)

========================================================================
Received Prepare
Registering precompiled user dll's ...
Registered in 0.005186 seconds.
Begin MonoManager ReloadAssembly
Native extension for WindowsStandalone target not found
Refreshing native plugins compatible for Editor in 1.00 ms, found 3 plugins.
Preloading 0 native plugins for Editor in 0.00 ms.
Mono: successfully reloaded assembly
- Completed reload, in  1.870 seconds
Platform modules already initialized, skipping
Shader 'Universal Render Pipeline/Particles/Lit': fallback shader 'Universal Render Pipeline/Particles/SimpleLit' not found
Refreshing native plugins compatible for Editor in 1.07 ms, found 3 plugins.
Preloading 0 native plugins for Editor in 0.00 ms.
Unloading 3014 Unused Serialized files (Serialized files now loaded: 0)
System memory in use before: 154.3 MB.
System memory in use after: 154.5 MB.

Unloading 8 unused Assets to reduce memory usage. Loaded Objects now: 3649.
Total: 4.288600 ms (FindLiveObjects: 0.480600 ms CreateObjectMapping: 0.243800 ms MarkObjects: 3.535800 ms  DeleteObjects: 0.027000 ms)

AssetImportWorkerClient::OnTransportError - code=2 error=End of file
